2023-12-19 22:12:246 INFO  HomePage :74 - Mouse hover on “Desktops” Tab and click [[ChromeDriver: chrome on windows (68fdf36987098c3caddac724c351a26a)] -> link text: Desktops]
2023-12-19 22:12:768 INFO  HomePage :93 - Click on Show All Desktop tab [[ChromeDriver: chrome on windows (68fdf36987098c3caddac724c351a26a)] -> xpath: //a[normalize-space()='Show AllDesktops']]
2023-12-19 22:12:885 INFO  DesktopPage :44 - Click on sort by position [[ChromeDriver: chrome on windows (68fdf36987098c3caddac724c351a26a)] -> id: input-sort]
2023-12-19 22:12:484 INFO  DesktopPage :73 - Select option product sorted by Name (Z - A)from sort by options [[ChromeDriver: chrome on windows (68fdf36987098c3caddac724c351a26a)] -> id: input-sort]
2023-12-19 22:12:850 INFO  HomePage :74 - Mouse hover on “Desktops” Tab and click [[ChromeDriver: chrome on windows (e133fc777397d49dd7bc62186d08b69d)] -> link text: Desktops]
2023-12-19 22:12:368 INFO  HomePage :93 - Click on Show All Desktop tab [[ChromeDriver: chrome on windows (e133fc777397d49dd7bc62186d08b69d)] -> xpath: //a[normalize-space()='Show AllDesktops']]
2023-12-19 22:12:453 INFO  HomePage :105 - Clicking on Currency on top of page [[ChromeDriver: chrome on windows (e133fc777397d49dd7bc62186d08b69d)] -> xpath: //span[normalize-space()='Currency']]
2023-12-19 22:12:125 INFO  HomePage :113 - Select £Pound Sterling from currency drop down list [[[ChromeDriver: chrome on windows (e133fc777397d49dd7bc62186d08b69d)] -> xpath: //ul[@class = 'dropdown-menu']/li], [[ChromeDriver: chrome on windows (e133fc777397d49dd7bc62186d08b69d)] -> xpath: //ul[@class = 'dropdown-menu']/li], [[ChromeDriver: chrome on windows (e133fc777397d49dd7bc62186d08b69d)] -> xpath: //ul[@class = 'dropdown-menu']/li]]
2023-12-19 22:12:681 INFO  DesktopPage :73 - Select option product sorted by Name (A - Z)from sort by options [[ChromeDriver: chrome on windows (e133fc777397d49dd7bc62186d08b69d)] -> id: input-sort]
2023-12-19 22:12:819 INFO  DesktopPage :78 - Clicking on HP LP3065 [[ChromeDriver: chrome on windows (e133fc777397d49dd7bc62186d08b69d)] -> xpath: //a[contains(text(),'HP LP3065')]]
2023-12-19 22:12:847 INFO  ProductPage :52 - Verify the Text "HP LP3065" [[ChromeDriver: chrome on windows (e133fc777397d49dd7bc62186d08b69d)] -> xpath: //a[contains(text(),'HP LP3065')]]
2023-12-19 22:12:967 INFO  ProductPage :58 - Select 2022November30 to date field [[ChromeDriver: chrome on windows (e133fc777397d49dd7bc62186d08b69d)] -> xpath: //div[@class = 'input-group date']//button]
2023-12-19 22:12:332 INFO  ProductPage :82 - Enter Qty 1 to quantity field [[ChromeDriver: chrome on windows (e133fc777397d49dd7bc62186d08b69d)] -> xpath: //input[@id='input-quantity']]
2023-12-19 22:12:66 INFO  ProductPage :87 - Clicking on Login Button [[ChromeDriver: chrome on windows (e133fc777397d49dd7bc62186d08b69d)] -> xpath: //button[@id='button-cart']]
2023-12-19 22:12:632 INFO  ProductPage :91 - Verify the Message “Success: You have added HP LP3065 to your shopping cart!” [[ChromeDriver: chrome on windows (e133fc777397d49dd7bc62186d08b69d)] -> xpath: //div[@class='alert alert-success alert-dismissible']]
2023-12-19 22:12:826 INFO  ProductPage :97 - Click on link “shopping cart” display into success message [[ChromeDriver: chrome on windows (e133fc777397d49dd7bc62186d08b69d)] -> xpath: //a[contains(text(),'shopping cart')]]
2023-12-19 22:12:920 INFO  ShoppingCartPage :47 -  Verify the text Shopping Cart [[ChromeDriver: chrome on windows (e133fc777397d49dd7bc62186d08b69d)] -> xpath: //div[@id='content']//h1]
2023-12-19 22:12:21 INFO  ShoppingCartPage :52 - Verify the Product name HP LP3065 [[ChromeDriver: chrome on windows (e133fc777397d49dd7bc62186d08b69d)] -> xpath: //div[@class = 'table-responsive']/table/tbody/tr/td[2]/a]
2023-12-19 22:12:113 INFO  ShoppingCartPage :57 - Verify the Delivery Date 2022-11-30 [[ChromeDriver: chrome on windows (e133fc777397d49dd7bc62186d08b69d)] -> xpath: //div[@class = 'table-responsive']/table/tbody/tr/td[2]/small[1]]
2023-12-19 22:12:155 INFO  ShoppingCartPage :62 - Verify the Model Product21 [[ChromeDriver: chrome on windows (e133fc777397d49dd7bc62186d08b69d)] -> xpath: //div[@class = 'table-responsive']/table/tbody/tr/td[3]]
2023-12-19 22:12:198 INFO  ShoppingCartPage :67 - Verify the Total £74.73 [[ChromeDriver: chrome on windows (e133fc777397d49dd7bc62186d08b69d)] -> xpath: //div[@class = 'table-responsive']/table/tbody/tr/td[6]]
2023-12-19 22:12:339 INFO  HomePage :80 - Mouse hover on “Laptops & Notebooks” Tab and click [[ChromeDriver: chrome on windows (86e5022efe70eace76e82bd15b76c33b)] -> link text: Laptops & Notebooks]
2023-12-19 22:12:849 INFO  HomePage :99 - Click on Show All LaptopAndNotebook Tab [[ChromeDriver: chrome on windows (86e5022efe70eace76e82bd15b76c33b)] -> xpath: //a[normalize-space()='Show AllLaptops & Notebooks']]
2023-12-19 22:12:957 INFO  DesktopPage :44 - Click on sort by position [[ChromeDriver: chrome on windows (86e5022efe70eace76e82bd15b76c33b)] -> id: input-sort]
2023-12-19 22:12:504 INFO  DesktopPage :73 - Select option product sorted by Price (High > Low)from sort by options [[ChromeDriver: chrome on windows (86e5022efe70eace76e82bd15b76c33b)] -> id: input-sort]
2023-12-19 22:12:599 INFO  LaptopAndNotebookPage :63 - Verify Product sorted  price High to low [[[ChromeDriver: chrome on windows (86e5022efe70eace76e82bd15b76c33b)] -> xpath: //p[@class ='price']], [[ChromeDriver: chrome on windows (86e5022efe70eace76e82bd15b76c33b)] -> xpath: //p[@class ='price']], [[ChromeDriver: chrome on windows (86e5022efe70eace76e82bd15b76c33b)] -> xpath: //p[@class ='price']], [[ChromeDriver: chrome on windows (86e5022efe70eace76e82bd15b76c33b)] -> xpath: //p[@class ='price']], [[ChromeDriver: chrome on windows (86e5022efe70eace76e82bd15b76c33b)] -> xpath: //p[@class ='price']]]
2023-12-19 22:12:671 INFO  LaptopAndNotebookPage :63 - Verify Product sorted  price High to low [[[ChromeDriver: chrome on windows (86e5022efe70eace76e82bd15b76c33b)] -> xpath: //p[@class ='price']], [[ChromeDriver: chrome on windows (86e5022efe70eace76e82bd15b76c33b)] -> xpath: //p[@class ='price']], [[ChromeDriver: chrome on windows (86e5022efe70eace76e82bd15b76c33b)] -> xpath: //p[@class ='price']], [[ChromeDriver: chrome on windows (86e5022efe70eace76e82bd15b76c33b)] -> xpath: //p[@class ='price']], [[ChromeDriver: chrome on windows (86e5022efe70eace76e82bd15b76c33b)] -> xpath: //p[@class ='price']]]
2023-12-19 22:12:916 INFO  HomePage :80 - Mouse hover on “Laptops & Notebooks” Tab and click [[ChromeDriver: chrome on windows (83d022602e7b98c5e061888e4aa9132b)] -> link text: Laptops & Notebooks]
2023-12-19 22:12:396 INFO  HomePage :99 - Click on Show All LaptopAndNotebook Tab [[ChromeDriver: chrome on windows (83d022602e7b98c5e061888e4aa9132b)] -> xpath: //a[normalize-space()='Show AllLaptops & Notebooks']]
2023-12-19 22:12:476 INFO  HomePage :105 - Clicking on Currency on top of page [[ChromeDriver: chrome on windows (83d022602e7b98c5e061888e4aa9132b)] -> xpath: //span[normalize-space()='Currency']]
2023-12-19 22:12:202 INFO  HomePage :113 - Select £Pound Sterling from currency drop down list [[[ChromeDriver: chrome on windows (83d022602e7b98c5e061888e4aa9132b)] -> xpath: //ul[@class = 'dropdown-menu']/li], [[ChromeDriver: chrome on windows (83d022602e7b98c5e061888e4aa9132b)] -> xpath: //ul[@class = 'dropdown-menu']/li], [[ChromeDriver: chrome on windows (83d022602e7b98c5e061888e4aa9132b)] -> xpath: //ul[@class = 'dropdown-menu']/li]]
2023-12-19 22:12:681 INFO  DesktopPage :73 - Select option product sorted by Price (High > Low)from sort by options [[ChromeDriver: chrome on windows (83d022602e7b98c5e061888e4aa9132b)] -> id: input-sort]
2023-12-19 22:12:752 INFO  LaptopAndNotebookPage :80 - Select Macbook[[ChromeDriver: chrome on windows (83d022602e7b98c5e061888e4aa9132b)] -> link text: MacBook]
2023-12-19 22:12:788 INFO  ProductPage :101 - Verify text MacBook [[ChromeDriver: chrome on windows (83d022602e7b98c5e061888e4aa9132b)] -> xpath: //h1[contains(text(),'MacBook')]]
2023-12-19 22:12:478 INFO  ProductPage :87 - Clicking on Login Button [[ChromeDriver: chrome on windows (83d022602e7b98c5e061888e4aa9132b)] -> xpath: //button[@id='button-cart']]
2023-12-19 22:12:999 INFO  ProductPage :91 - Verify the Message “Success: You have added HP LP3065 to your shopping cart!” [[ChromeDriver: chrome on windows (83d022602e7b98c5e061888e4aa9132b)] -> xpath: //div[@class='alert alert-success alert-dismissible']]
2023-12-19 22:12:35 INFO  ProductPage :97 - Click on link “shopping cart” display into success message [[ChromeDriver: chrome on windows (83d022602e7b98c5e061888e4aa9132b)] -> xpath: //a[contains(text(),'shopping cart')]]
2023-12-19 22:12:66 INFO  ShoppingCartPage :47 -  Verify the text Shopping Cart [[ChromeDriver: chrome on windows (83d022602e7b98c5e061888e4aa9132b)] -> xpath: //div[@id='content']//h1]
2023-12-19 22:12:106 INFO  ShoppingCartPage :52 - Verify the Product name HP LP3065 [[ChromeDriver: chrome on windows (83d022602e7b98c5e061888e4aa9132b)] -> xpath: //div[@class = 'table-responsive']/table/tbody/tr/td[2]/a]
2023-12-19 22:12:320 INFO  ShoppingCartPage :74 - Change Quantity 2 to quantity field [[ChromeDriver: chrome on windows (83d022602e7b98c5e061888e4aa9132b)] -> xpath: //div[@class='input-group btn-block']/input[@type='text']]
2023-12-19 22:12:953 INFO  ShoppingCartPage :79 -  Click on “Update” Tab [[ChromeDriver: chrome on windows (83d022602e7b98c5e061888e4aa9132b)] -> xpath: //i[@class = 'fa fa-refresh']]
2023-12-19 22:12:999 INFO  ShoppingCartPage :83 - Getting welcome back text [[ChromeDriver: chrome on windows (83d022602e7b98c5e061888e4aa9132b)] -> xpath: //div[@id='checkout-cart']/div[1]]
2023-12-19 22:12:34 INFO  ShoppingCartPage :67 - Verify the Total £74.73 [[ChromeDriver: chrome on windows (83d022602e7b98c5e061888e4aa9132b)] -> xpath: //div[@class = 'table-responsive']/table/tbody/tr/td[6]]
2023-12-19 22:12:494 INFO  ShoppingCartPage :89 - Click on “Checkout” button [[ChromeDriver: chrome on windows (83d022602e7b98c5e061888e4aa9132b)] -> css selector: a.btn.btn-primary]
2023-12-19 22:12:529 INFO  CheckoutPage :76 - Verify the text “Checkout” [[ChromeDriver: chrome on windows (83d022602e7b98c5e061888e4aa9132b)] -> xpath: //div[@id='content']/h1]
2023-12-19 22:12:72 INFO  CheckoutPage :82 - Verify the Text “New Customer” [[ChromeDriver: chrome on windows (83d022602e7b98c5e061888e4aa9132b)] -> xpath: //h2[contains(text(),'New Customer')]]
2023-12-19 22:12:687 INFO  CheckoutPage :89 - Click on “Guest Checkout” radio button [[ChromeDriver: chrome on windows (83d022602e7b98c5e061888e4aa9132b)] -> xpath: //input[@value='guest']]
2023-12-19 22:12:767 INFO  CheckoutPage :95 - Click on “Continue” tab [[ChromeDriver: chrome on windows (83d022602e7b98c5e061888e4aa9132b)] -> xpath: //input[@id='button-account']]
2023-12-19 22:12:232 INFO  CheckoutPage :101 - Enter firstname Jaynika to firstname field [[ChromeDriver: chrome on windows (83d022602e7b98c5e061888e4aa9132b)] -> id: input-payment-firstname]
2023-12-19 22:12:463 INFO  CheckoutPage :107 - Enter lastname Patel to lastname field [[ChromeDriver: chrome on windows (83d022602e7b98c5e061888e4aa9132b)] -> id: input-payment-lastname]
2023-12-19 22:12:648 INFO  CheckoutPage :113 - Enter email kaku to email field [[ChromeDriver: chrome on windows (83d022602e7b98c5e061888e4aa9132b)] -> id: input-payment-email]
2023-12-19 22:12:776 INFO  CheckoutPage :119 - Enter phoneNumber 01234567890 to phoneNumber field [[ChromeDriver: chrome on windows (83d022602e7b98c5e061888e4aa9132b)] -> id: input-payment-telephone]
2023-12-19 22:12:907 INFO  CheckoutPage :125 - Enter address Line 1 129 Pinner Road to address field [[ChromeDriver: chrome on windows (83d022602e7b98c5e061888e4aa9132b)] -> id: input-payment-address-1]
2023-12-19 22:12:25 INFO  CheckoutPage :131 - Enter city London to city field [[ChromeDriver: chrome on windows (83d022602e7b98c5e061888e4aa9132b)] -> id: input-payment-city]
2023-12-19 22:12:141 INFO  CheckoutPage :137 - Enter postcode N1 1AD to postcode field [[ChromeDriver: chrome on windows (83d022602e7b98c5e061888e4aa9132b)] -> id: input-payment-postcode]
2023-12-19 22:12:273 INFO  CheckoutPage :143 - Select country United Kingdom to country field [[ChromeDriver: chrome on windows (83d022602e7b98c5e061888e4aa9132b)] -> id: input-payment-country]
2023-12-19 22:12:384 INFO  CheckoutPage :150 - Select state Kent to state field [[ChromeDriver: chrome on windows (83d022602e7b98c5e061888e4aa9132b)] -> id: input-payment-zone]
2023-12-19 22:12:476 INFO  CheckoutPage :156 -  Click on continue button [[ChromeDriver: chrome on windows (83d022602e7b98c5e061888e4aa9132b)] -> id: button-guest]
2023-12-19 22:12:108 INFO  CheckoutPage :162 - Enter comments Nothing to Say! in to text area [[ChromeDriver: chrome on windows (83d022602e7b98c5e061888e4aa9132b)] -> xpath: //textarea[@name='comment']]
2023-12-19 22:12:223 INFO  CheckoutPage :168 -  Check the Terms & Conditions check box [[ChromeDriver: chrome on windows (83d022602e7b98c5e061888e4aa9132b)] -> xpath: //body/div[@id='checkout-checkout']/div[1]/div[1]/div[1]/div[3]/div[2]/div[1]/div[2]/div[1]/input[1]]
2023-12-19 22:12:321 INFO  CheckoutPage :174 - Click on “Continue” button [[ChromeDriver: chrome on windows (83d022602e7b98c5e061888e4aa9132b)] -> id: button-payment-method]
2023-12-19 22:12:350 INFO  CheckoutPage :179 - Verify the message “Warning: Payment method required!” [[ChromeDriver: chrome on windows (83d022602e7b98c5e061888e4aa9132b)] -> xpath: //div[@class='alert alert-danger alert-dismissible']]
2023-12-19 22:12:632 INFO  HomePage :128 - Select Login from myAccount drop down list [[[ChromeDriver: chrome on windows (f16293bb8e104ae0bc7e318d8279ba37)] -> xpath: //ul[@class='dropdown-menu dropdown-menu-right']/li], [[ChromeDriver: chrome on windows (f16293bb8e104ae0bc7e318d8279ba37)] -> xpath: //ul[@class='dropdown-menu dropdown-menu-right']/li]]
2023-12-19 22:12:677 INFO  LoginPage :36 - Verify the text “Returning Customer” [[ChromeDriver: chrome on windows (f16293bb8e104ae0bc7e318d8279ba37)] -> xpath: //h2[contains(text(),'Returning Customer')]]
2023-12-19 22:12:798 INFO  HomePage :128 - Select Login from myAccount drop down list [[[ChromeDriver: chrome on windows (c60a5cccb6cbd6359ab5d462d9c512b0)] -> xpath: //ul[@class='dropdown-menu dropdown-menu-right']/li], [[ChromeDriver: chrome on windows (c60a5cccb6cbd6359ab5d462d9c512b0)] -> xpath: //ul[@class='dropdown-menu dropdown-menu-right']/li]]
2023-12-19 22:12:14 INFO  LoginPage :43 - Enter email iampatel@gmail.comto email field [[ChromeDriver: chrome on windows (c60a5cccb6cbd6359ab5d462d9c512b0)] -> id: input-email]
2023-12-19 22:12:134 INFO  LoginPage :49 - Enter password HelloNum1to password field [[ChromeDriver: chrome on windows (c60a5cccb6cbd6359ab5d462d9c512b0)] -> id: input-password]
2023-12-19 22:12:796 INFO  LoginPage :55 - Clicking on Login Button [[ChromeDriver: chrome on windows (c60a5cccb6cbd6359ab5d462d9c512b0)] -> xpath: //input[@value='Login']]
2023-12-19 22:12:825 INFO  LoginPage :60 - Verify text “My Account” [[ChromeDriver: chrome on windows (c60a5cccb6cbd6359ab5d462d9c512b0)] -> xpath: //h2[text()='My Account']]
2023-12-19 22:12:897 INFO  HomePage :128 - Select Logout from myAccount drop down list [[[ChromeDriver: chrome on windows (c60a5cccb6cbd6359ab5d462d9c512b0)] -> xpath: //ul[@class='dropdown-menu dropdown-menu-right']/li], [[ChromeDriver: chrome on windows (c60a5cccb6cbd6359ab5d462d9c512b0)] -> xpath: //ul[@class='dropdown-menu dropdown-menu-right']/li], [[ChromeDriver: chrome on windows (c60a5cccb6cbd6359ab5d462d9c512b0)] -> xpath: //ul[@class='dropdown-menu dropdown-menu-right']/li], [[ChromeDriver: chrome on windows (c60a5cccb6cbd6359ab5d462d9c512b0)] -> xpath: //ul[@class='dropdown-menu dropdown-menu-right']/li], [[ChromeDriver: chrome on windows (c60a5cccb6cbd6359ab5d462d9c512b0)] -> xpath: //ul[@class='dropdown-menu dropdown-menu-right']/li]]
2023-12-19 22:12:928 INFO  LogoutPage :27 - Verify text "Account Logout" [[ChromeDriver: chrome on windows (c60a5cccb6cbd6359ab5d462d9c512b0)] -> xpath: //h1[text()='Account Logout']]
2023-12-19 22:12:366 INFO  LogoutPage :33 - Clicking on Continue Button [[ChromeDriver: chrome on windows (c60a5cccb6cbd6359ab5d462d9c512b0)] -> xpath: //a[contains(text(),'Continue')]]
2023-12-19 22:12:714 INFO  HomePage :128 - Select Register from myAccount drop down list [[[ChromeDriver: chrome on windows (354eb89f0a347c4f0b470ce526b000fc)] -> xpath: //ul[@class='dropdown-menu dropdown-menu-right']/li], [[ChromeDriver: chrome on windows (354eb89f0a347c4f0b470ce526b000fc)] -> xpath: //ul[@class='dropdown-menu dropdown-menu-right']/li]]
2023-12-19 22:12:743 INFO  RegisterPage :58 - Verify the text “Register Account”. [[ChromeDriver: chrome on windows (354eb89f0a347c4f0b470ce526b000fc)] -> xpath: //h1[contains(text(),'Register Account')]]
2023-12-19 22:12:535 INFO  HomePage :128 - Select Register from myAccount drop down list [[[ChromeDriver: chrome on windows (e976acbd8cdadb29791ae16acb03b879)] -> xpath: //ul[@class='dropdown-menu dropdown-menu-right']/li], [[ChromeDriver: chrome on windows (e976acbd8cdadb29791ae16acb03b879)] -> xpath: //ul[@class='dropdown-menu dropdown-menu-right']/li]]
2023-12-19 22:12:666 INFO  RegisterPage :64 - Enter Firstname Iama to Firstname field [[ChromeDriver: chrome on windows (e976acbd8cdadb29791ae16acb03b879)] -> id: input-firstname]
2023-12-19 22:12:811 INFO  RegisterPage :69 - Enter Lastname Patel to Lastname field [[ChromeDriver: chrome on windows (e976acbd8cdadb29791ae16acb03b879)] -> id: input-lastname]
2023-12-19 22:12:954 INFO  RegisterPage :74 - Enter email patel2Wox@gmail.com to email field [[ChromeDriver: chrome on windows (e976acbd8cdadb29791ae16acb03b879)] -> id: input-email]
2023-12-19 22:12:94 INFO  RegisterPage :79 - Enter Telephone 01234567890 to Telephone field [[ChromeDriver: chrome on windows (e976acbd8cdadb29791ae16acb03b879)] -> id: input-telephone]
2023-12-19 22:12:208 INFO  RegisterPage :84 - Enter Password Hellonum1 to Password field [[ChromeDriver: chrome on windows (e976acbd8cdadb29791ae16acb03b879)] -> id: input-password]
2023-12-19 22:12:315 INFO  RegisterPage :89 - Enter ConfirmPassword Hellonum1 to ConfirmPassword field [[ChromeDriver: chrome on windows (e976acbd8cdadb29791ae16acb03b879)] -> id: input-confirm]
2023-12-19 22:12:373 INFO  RegisterPage :101 - Select Subscribe Yes radio button [[[ChromeDriver: chrome on windows (e976acbd8cdadb29791ae16acb03b879)] -> xpath: //fieldset[3]//input], [[ChromeDriver: chrome on windows (e976acbd8cdadb29791ae16acb03b879)] -> xpath: //fieldset[3]//input]]
2023-12-19 22:12:452 INFO  RegisterPage :106 - Click on Privacy Policy check box [[ChromeDriver: chrome on windows (e976acbd8cdadb29791ae16acb03b879)] -> xpath: //input[@name='agree']]
2023-12-19 22:12:742 INFO  RegisterPage :111 - Clicking on Continue Button [[ChromeDriver: chrome on windows (e976acbd8cdadb29791ae16acb03b879)] -> xpath: //input[@type='submit']]
2023-12-19 22:12:773 INFO  RegisterPage :115 - Verify the message “Your Account Has Been Created!” [[ChromeDriver: chrome on windows (e976acbd8cdadb29791ae16acb03b879)] -> xpath: //h1[text()='Your Account Has Been Created!']]
2023-12-19 22:12:207 INFO  RegisterPage :121 - Clicking on Continue Button [[ChromeDriver: chrome on windows (e976acbd8cdadb29791ae16acb03b879)] -> xpath: //a[text()='Continue']]
2023-12-19 22:12:979 INFO  HomePage :128 - Select Logout from myAccount drop down list [[[ChromeDriver: chrome on windows (e976acbd8cdadb29791ae16acb03b879)] -> xpath: //ul[@class='dropdown-menu dropdown-menu-right']/li], [[ChromeDriver: chrome on windows (e976acbd8cdadb29791ae16acb03b879)] -> xpath: //ul[@class='dropdown-menu dropdown-menu-right']/li], [[ChromeDriver: chrome on windows (e976acbd8cdadb29791ae16acb03b879)] -> xpath: //ul[@class='dropdown-menu dropdown-menu-right']/li], [[ChromeDriver: chrome on windows (e976acbd8cdadb29791ae16acb03b879)] -> xpath: //ul[@class='dropdown-menu dropdown-menu-right']/li], [[ChromeDriver: chrome on windows (e976acbd8cdadb29791ae16acb03b879)] -> xpath: //ul[@class='dropdown-menu dropdown-menu-right']/li]]
2023-12-19 22:12:06 INFO  LogoutPage :27 - Verify text "Account Logout" [[ChromeDriver: chrome on windows (e976acbd8cdadb29791ae16acb03b879)] -> xpath: //h1[text()='Account Logout']]
2023-12-19 22:12:463 INFO  LogoutPage :33 - Clicking on Continue Button [[ChromeDriver: chrome on windows (e976acbd8cdadb29791ae16acb03b879)] -> xpath: //a[contains(text(),'Continue')]]
2023-12-19 22:12:811 INFO  HomePage :74 - Mouse hover on “Desktops” Tab and click [[ChromeDriver: chrome on windows (ea7b464eacb9d95f53149208168d6eb7)] -> link text: Desktops]
2023-12-19 22:12:818 INFO  HomePage :68 - Click Show All Desktops from homepage Top menu  []
2023-12-19 22:12:849 INFO  DesktopPage :38 - Verify the text ‘Desktops’[[ChromeDriver: chrome on windows (ea7b464eacb9d95f53149208168d6eb7)] -> xpath: //h2[contains(text(),'Desktops')]]
2023-12-19 22:12:13 INFO  HomePage :80 - Mouse hover on “Laptops & Notebooks” Tab and click [[ChromeDriver: chrome on windows (1c344a8ef01040c50761db8abea68283)] -> link text: Laptops & Notebooks]
2023-12-19 22:12:67 INFO  HomePage :68 - Click Show All Laptops & Notebooks from homepage Top menu  []
2023-12-19 22:12:98 INFO  LaptopAndNotebookPage :39 - Verify the text ‘Laptops & Notebooks’ [[ChromeDriver: chrome on windows (1c344a8ef01040c50761db8abea68283)] -> xpath: //h2[contains(text(),'Laptops & Notebooks')]]
2023-12-19 22:12:249 INFO  HomePage :86 -  Mouse hover on “Components” Tab and click [[ChromeDriver: chrome on windows (879e535e87b2ddfd08c611ccf4e3c561)] -> link text: Components]
2023-12-19 22:12:272 INFO  HomePage :68 - Click Show All Components from homepage Top menu  []
2023-12-19 22:12:303 INFO  ComponentsPage :23 - Verify the text ‘Components’ [[ChromeDriver: chrome on windows (879e535e87b2ddfd08c611ccf4e3c561)] -> xpath: //h2[contains(text(),'Components')]]
2023-12-19 22:12:381 INFO  HomePage :74 - Mouse hover on “Desktops” Tab and click [[ChromeDriver: chrome on windows (7d687b5afe7423d1d50e180224135c71)] -> link text: Desktops]
2023-12-19 22:12:886 INFO  HomePage :93 - Click on Show All Desktop tab [[ChromeDriver: chrome on windows (7d687b5afe7423d1d50e180224135c71)] -> xpath: //a[normalize-space()='Show AllDesktops']]
2023-12-19 22:12:990 INFO  DesktopPage :44 - Click on sort by position [[ChromeDriver: chrome on windows (7d687b5afe7423d1d50e180224135c71)] -> id: input-sort]
2023-12-19 22:12:634 INFO  DesktopPage :73 - Select option product sorted by Name (Z - A)from sort by options [[ChromeDriver: chrome on windows (7d687b5afe7423d1d50e180224135c71)] -> id: input-sort]
2023-12-19 22:12:957 INFO  HomePage :74 - Mouse hover on “Desktops” Tab and click [[ChromeDriver: chrome on windows (72d79977fd81f70fb94d26f22702a72c)] -> link text: Desktops]
2023-12-19 22:12:450 INFO  HomePage :93 - Click on Show All Desktop tab [[ChromeDriver: chrome on windows (72d79977fd81f70fb94d26f22702a72c)] -> xpath: //a[normalize-space()='Show AllDesktops']]
2023-12-19 22:12:536 INFO  HomePage :105 - Clicking on Currency on top of page [[ChromeDriver: chrome on windows (72d79977fd81f70fb94d26f22702a72c)] -> xpath: //span[normalize-space()='Currency']]
2023-12-19 22:12:95 INFO  HomePage :113 - Select £Pound Sterling from currency drop down list [[[ChromeDriver: chrome on windows (72d79977fd81f70fb94d26f22702a72c)] -> xpath: //ul[@class = 'dropdown-menu']/li], [[ChromeDriver: chrome on windows (72d79977fd81f70fb94d26f22702a72c)] -> xpath: //ul[@class = 'dropdown-menu']/li], [[ChromeDriver: chrome on windows (72d79977fd81f70fb94d26f22702a72c)] -> xpath: //ul[@class = 'dropdown-menu']/li]]
2023-12-19 22:12:693 INFO  DesktopPage :73 - Select option product sorted by Name (A - Z)from sort by options [[ChromeDriver: chrome on windows (72d79977fd81f70fb94d26f22702a72c)] -> id: input-sort]
2023-12-19 22:12:715 INFO  DesktopPage :78 - Clicking on HP LP3065 [[ChromeDriver: chrome on windows (72d79977fd81f70fb94d26f22702a72c)] -> xpath: //a[contains(text(),'HP LP3065')]]
2023-12-19 22:12:749 INFO  ProductPage :52 - Verify the Text "HP LP3065" [[ChromeDriver: chrome on windows (72d79977fd81f70fb94d26f22702a72c)] -> xpath: //a[contains(text(),'HP LP3065')]]
2023-12-19 22:12:890 INFO  ProductPage :58 - Select 2022November30 to date field [[ChromeDriver: chrome on windows (72d79977fd81f70fb94d26f22702a72c)] -> xpath: //div[@class = 'input-group date']//button]
2023-12-19 22:12:683 INFO  ProductPage :82 - Enter Qty 1 to quantity field [[ChromeDriver: chrome on windows (72d79977fd81f70fb94d26f22702a72c)] -> xpath: //input[@id='input-quantity']]
2023-12-19 22:12:394 INFO  ProductPage :87 - Clicking on Login Button [[ChromeDriver: chrome on windows (72d79977fd81f70fb94d26f22702a72c)] -> xpath: //button[@id='button-cart']]
2023-12-19 22:12:952 INFO  ProductPage :91 - Verify the Message “Success: You have added HP LP3065 to your shopping cart!” [[ChromeDriver: chrome on windows (72d79977fd81f70fb94d26f22702a72c)] -> xpath: //div[@class='alert alert-success alert-dismissible']]
2023-12-19 22:12:02 INFO  ProductPage :97 - Click on link “shopping cart” display into success message [[ChromeDriver: chrome on windows (72d79977fd81f70fb94d26f22702a72c)] -> xpath: //a[contains(text(),'shopping cart')]]
2023-12-19 22:12:40 INFO  ShoppingCartPage :47 -  Verify the text Shopping Cart [[ChromeDriver: chrome on windows (72d79977fd81f70fb94d26f22702a72c)] -> xpath: //div[@id='content']//h1]
2023-12-19 22:12:72 INFO  ShoppingCartPage :52 - Verify the Product name HP LP3065 [[ChromeDriver: chrome on windows (72d79977fd81f70fb94d26f22702a72c)] -> xpath: //div[@class = 'table-responsive']/table/tbody/tr/td[2]/a]
2023-12-19 22:12:119 INFO  ShoppingCartPage :57 - Verify the Delivery Date 2022-11-30 [[ChromeDriver: chrome on windows (72d79977fd81f70fb94d26f22702a72c)] -> xpath: //div[@class = 'table-responsive']/table/tbody/tr/td[2]/small[1]]
2023-12-19 22:12:177 INFO  ShoppingCartPage :62 - Verify the Model Product21 [[ChromeDriver: chrome on windows (72d79977fd81f70fb94d26f22702a72c)] -> xpath: //div[@class = 'table-responsive']/table/tbody/tr/td[3]]
2023-12-19 22:12:210 INFO  ShoppingCartPage :67 - Verify the Total £74.73 [[ChromeDriver: chrome on windows (72d79977fd81f70fb94d26f22702a72c)] -> xpath: //div[@class = 'table-responsive']/table/tbody/tr/td[6]]
2023-12-19 22:12:420 INFO  HomePage :80 - Mouse hover on “Laptops & Notebooks” Tab and click [[ChromeDriver: chrome on windows (21951f07aaffa4b219c670fd155835ba)] -> link text: Laptops & Notebooks]
2023-12-19 22:12:899 INFO  HomePage :99 - Click on Show All LaptopAndNotebook Tab [[ChromeDriver: chrome on windows (21951f07aaffa4b219c670fd155835ba)] -> xpath: //a[normalize-space()='Show AllLaptops & Notebooks']]
2023-12-19 22:12:02 INFO  DesktopPage :44 - Click on sort by position [[ChromeDriver: chrome on windows (21951f07aaffa4b219c670fd155835ba)] -> id: input-sort]
2023-12-19 22:12:552 INFO  DesktopPage :73 - Select option product sorted by Price (High > Low)from sort by options [[ChromeDriver: chrome on windows (21951f07aaffa4b219c670fd155835ba)] -> id: input-sort]
2023-12-19 22:12:642 INFO  LaptopAndNotebookPage :63 - Verify Product sorted  price High to low [[[ChromeDriver: chrome on windows (21951f07aaffa4b219c670fd155835ba)] -> xpath: //p[@class ='price']], [[ChromeDriver: chrome on windows (21951f07aaffa4b219c670fd155835ba)] -> xpath: //p[@class ='price']], [[ChromeDriver: chrome on windows (21951f07aaffa4b219c670fd155835ba)] -> xpath: //p[@class ='price']], [[ChromeDriver: chrome on windows (21951f07aaffa4b219c670fd155835ba)] -> xpath: //p[@class ='price']], [[ChromeDriver: chrome on windows (21951f07aaffa4b219c670fd155835ba)] -> xpath: //p[@class ='price']]]
2023-12-19 22:12:724 INFO  LaptopAndNotebookPage :63 - Verify Product sorted  price High to low [[[ChromeDriver: chrome on windows (21951f07aaffa4b219c670fd155835ba)] -> xpath: //p[@class ='price']], [[ChromeDriver: chrome on windows (21951f07aaffa4b219c670fd155835ba)] -> xpath: //p[@class ='price']], [[ChromeDriver: chrome on windows (21951f07aaffa4b219c670fd155835ba)] -> xpath: //p[@class ='price']], [[ChromeDriver: chrome on windows (21951f07aaffa4b219c670fd155835ba)] -> xpath: //p[@class ='price']], [[ChromeDriver: chrome on windows (21951f07aaffa4b219c670fd155835ba)] -> xpath: //p[@class ='price']]]
2023-12-19 22:12:973 INFO  HomePage :80 - Mouse hover on “Laptops & Notebooks” Tab and click [[ChromeDriver: chrome on windows (c9c29dcc3747ee2533e51fe8dcc2113f)] -> link text: Laptops & Notebooks]
2023-12-19 22:12:458 INFO  HomePage :99 - Click on Show All LaptopAndNotebook Tab [[ChromeDriver: chrome on windows (c9c29dcc3747ee2533e51fe8dcc2113f)] -> xpath: //a[normalize-space()='Show AllLaptops & Notebooks']]
2023-12-19 22:12:528 INFO  HomePage :105 - Clicking on Currency on top of page [[ChromeDriver: chrome on windows (c9c29dcc3747ee2533e51fe8dcc2113f)] -> xpath: //span[normalize-space()='Currency']]
2023-12-19 22:12:203 INFO  HomePage :113 - Select £Pound Sterling from currency drop down list [[[ChromeDriver: chrome on windows (c9c29dcc3747ee2533e51fe8dcc2113f)] -> xpath: //ul[@class = 'dropdown-menu']/li], [[ChromeDriver: chrome on windows (c9c29dcc3747ee2533e51fe8dcc2113f)] -> xpath: //ul[@class = 'dropdown-menu']/li], [[ChromeDriver: chrome on windows (c9c29dcc3747ee2533e51fe8dcc2113f)] -> xpath: //ul[@class = 'dropdown-menu']/li]]
2023-12-19 22:12:703 INFO  DesktopPage :73 - Select option product sorted by Price (High > Low)from sort by options [[ChromeDriver: chrome on windows (c9c29dcc3747ee2533e51fe8dcc2113f)] -> id: input-sort]
2023-12-19 22:12:868 INFO  LaptopAndNotebookPage :80 - Select Macbook[[ChromeDriver: chrome on windows (c9c29dcc3747ee2533e51fe8dcc2113f)] -> link text: MacBook]
2023-12-19 22:12:900 INFO  ProductPage :101 - Verify text MacBook [[ChromeDriver: chrome on windows (c9c29dcc3747ee2533e51fe8dcc2113f)] -> xpath: //h1[contains(text(),'MacBook')]]
2023-12-19 22:12:621 INFO  ProductPage :87 - Clicking on Login Button [[ChromeDriver: chrome on windows (c9c29dcc3747ee2533e51fe8dcc2113f)] -> xpath: //button[@id='button-cart']]
2023-12-19 22:12:185 INFO  ProductPage :91 - Verify the Message “Success: You have added HP LP3065 to your shopping cart!” [[ChromeDriver: chrome on windows (c9c29dcc3747ee2533e51fe8dcc2113f)] -> xpath: //div[@class='alert alert-success alert-dismissible']]
2023-12-19 22:12:282 INFO  ProductPage :97 - Click on link “shopping cart” display into success message [[ChromeDriver: chrome on windows (c9c29dcc3747ee2533e51fe8dcc2113f)] -> xpath: //a[contains(text(),'shopping cart')]]
2023-12-19 22:12:313 INFO  ShoppingCartPage :47 -  Verify the text Shopping Cart [[ChromeDriver: chrome on windows (c9c29dcc3747ee2533e51fe8dcc2113f)] -> xpath: //div[@id='content']//h1]
2023-12-19 22:12:350 INFO  ShoppingCartPage :52 - Verify the Product name HP LP3065 [[ChromeDriver: chrome on windows (c9c29dcc3747ee2533e51fe8dcc2113f)] -> xpath: //div[@class = 'table-responsive']/table/tbody/tr/td[2]/a]
2023-12-19 22:12:549 INFO  ShoppingCartPage :74 - Change Quantity 2 to quantity field [[ChromeDriver: chrome on windows (c9c29dcc3747ee2533e51fe8dcc2113f)] -> xpath: //div[@class='input-group btn-block']/input[@type='text']]
2023-12-19 22:12:200 INFO  ShoppingCartPage :79 -  Click on “Update” Tab [[ChromeDriver: chrome on windows (c9c29dcc3747ee2533e51fe8dcc2113f)] -> xpath: //i[@class = 'fa fa-refresh']]
2023-12-19 22:12:229 INFO  ShoppingCartPage :83 - Getting welcome back text [[ChromeDriver: chrome on windows (c9c29dcc3747ee2533e51fe8dcc2113f)] -> xpath: //div[@id='checkout-cart']/div[1]]
2023-12-19 22:12:261 INFO  ShoppingCartPage :67 - Verify the Total £74.73 [[ChromeDriver: chrome on windows (c9c29dcc3747ee2533e51fe8dcc2113f)] -> xpath: //div[@class = 'table-responsive']/table/tbody/tr/td[6]]
2023-12-19 22:12:717 INFO  ShoppingCartPage :89 - Click on “Checkout” button [[ChromeDriver: chrome on windows (c9c29dcc3747ee2533e51fe8dcc2113f)] -> css selector: a.btn.btn-primary]
2023-12-19 22:12:753 INFO  CheckoutPage :76 - Verify the text “Checkout” [[ChromeDriver: chrome on windows (c9c29dcc3747ee2533e51fe8dcc2113f)] -> xpath: //div[@id='content']/h1]
2023-12-19 22:12:338 INFO  CheckoutPage :82 - Verify the Text “New Customer” [[ChromeDriver: chrome on windows (c9c29dcc3747ee2533e51fe8dcc2113f)] -> xpath: //h2[contains(text(),'New Customer')]]
2023-12-19 22:12:977 INFO  CheckoutPage :89 - Click on “Guest Checkout” radio button [[ChromeDriver: chrome on windows (c9c29dcc3747ee2533e51fe8dcc2113f)] -> xpath: //input[@value='guest']]
2023-12-19 22:12:67 INFO  CheckoutPage :95 - Click on “Continue” tab [[ChromeDriver: chrome on windows (c9c29dcc3747ee2533e51fe8dcc2113f)] -> xpath: //input[@id='button-account']]
2023-12-19 22:12:454 INFO  CheckoutPage :101 - Enter firstname Ram to firstname field [[ChromeDriver: chrome on windows (c9c29dcc3747ee2533e51fe8dcc2113f)] -> id: input-payment-firstname]
2023-12-19 22:12:716 INFO  CheckoutPage :107 - Enter lastname Krishna to lastname field [[ChromeDriver: chrome on windows (c9c29dcc3747ee2533e51fe8dcc2113f)] -> id: input-payment-lastname]
2023-12-19 22:12:912 INFO  CheckoutPage :113 - Enter email tester123@gmail.com to email field [[ChromeDriver: chrome on windows (c9c29dcc3747ee2533e51fe8dcc2113f)] -> id: input-payment-email]
2023-12-19 22:12:40 INFO  CheckoutPage :119 - Enter phoneNumber 01234567890 to phoneNumber field [[ChromeDriver: chrome on windows (c9c29dcc3747ee2533e51fe8dcc2113f)] -> id: input-payment-telephone]
2023-12-19 22:12:194 INFO  CheckoutPage :125 - Enter address Line 1 89 oxford street Road to address field [[ChromeDriver: chrome on windows (c9c29dcc3747ee2533e51fe8dcc2113f)] -> id: input-payment-address-1]
2023-12-19 22:12:316 INFO  CheckoutPage :131 - Enter city London to city field [[ChromeDriver: chrome on windows (c9c29dcc3747ee2533e51fe8dcc2113f)] -> id: input-payment-city]
2023-12-19 22:12:431 INFO  CheckoutPage :137 - Enter postcode Nw6 2AD to postcode field [[ChromeDriver: chrome on windows (c9c29dcc3747ee2533e51fe8dcc2113f)] -> id: input-payment-postcode]
2023-12-19 22:12:541 INFO  CheckoutPage :143 - Select country United Kingdom to country field [[ChromeDriver: chrome on windows (c9c29dcc3747ee2533e51fe8dcc2113f)] -> id: input-payment-country]
2023-12-19 22:12:980 INFO  HomePage :128 - Select Login from myAccount drop down list [[[ChromeDriver: chrome on windows (094d8ba2008c66a14297cc24482dae06)] -> xpath: //ul[@class='dropdown-menu dropdown-menu-right']/li], [[ChromeDriver: chrome on windows (094d8ba2008c66a14297cc24482dae06)] -> xpath: //ul[@class='dropdown-menu dropdown-menu-right']/li]]
2023-12-19 22:12:18 INFO  LoginPage :36 - Verify the text “Returning Customer” [[ChromeDriver: chrome on windows (094d8ba2008c66a14297cc24482dae06)] -> xpath: //h2[contains(text(),'Returning Customer')]]
2023-12-19 22:12:310 INFO  HomePage :128 - Select Login from myAccount drop down list [[[ChromeDriver: chrome on windows (969189162ff324e03a0394c71b6ee921)] -> xpath: //ul[@class='dropdown-menu dropdown-menu-right']/li], [[ChromeDriver: chrome on windows (969189162ff324e03a0394c71b6ee921)] -> xpath: //ul[@class='dropdown-menu dropdown-menu-right']/li]]
2023-12-19 22:12:495 INFO  LoginPage :43 - Enter email tester123@gmail.comto email field [[ChromeDriver: chrome on windows (969189162ff324e03a0394c71b6ee921)] -> id: input-email]
2023-12-19 22:12:612 INFO  LoginPage :49 - Enter password Tester1to password field [[ChromeDriver: chrome on windows (969189162ff324e03a0394c71b6ee921)] -> id: input-password]
2023-12-19 22:12:72 INFO  LoginPage :55 - Clicking on Login Button [[ChromeDriver: chrome on windows (969189162ff324e03a0394c71b6ee921)] -> xpath: //input[@value='Login']]
2023-12-19 22:12:150 INFO  LoginPage :60 - Verify text “My Account” Proxy element for: DefaultElementLocator 'By.xpath: //h2[text()='My Account']'
2023-12-19 22:12:63 INFO  HomePage :74 - Mouse hover on “Desktops” Tab and click [[ChromeDriver: chrome on windows (405db01b85f14f0d5a89429c8d040740)] -> link text: Desktops]
2023-12-19 22:12:554 INFO  HomePage :93 - Click on Show All Desktop tab [[ChromeDriver: chrome on windows (405db01b85f14f0d5a89429c8d040740)] -> xpath: //a[normalize-space()='Show AllDesktops']]
2023-12-19 22:12:670 INFO  DesktopPage :44 - Click on sort by position [[ChromeDriver: chrome on windows (405db01b85f14f0d5a89429c8d040740)] -> id: input-sort]
2023-12-19 22:12:281 INFO  DesktopPage :73 - Select option product sorted by Name (Z - A)from sort by options [[ChromeDriver: chrome on windows (405db01b85f14f0d5a89429c8d040740)] -> id: input-sort]
2023-12-19 22:12:329 INFO  HomePage :74 - Mouse hover on “Desktops” Tab and click [[ChromeDriver: chrome on windows (30bebff67e790ab9484ac4ac63ea5f03)] -> link text: Desktops]
2023-12-19 22:12:832 INFO  HomePage :93 - Click on Show All Desktop tab [[ChromeDriver: chrome on windows (30bebff67e790ab9484ac4ac63ea5f03)] -> xpath: //a[normalize-space()='Show AllDesktops']]
2023-12-19 22:12:924 INFO  HomePage :105 - Clicking on Currency on top of page [[ChromeDriver: chrome on windows (30bebff67e790ab9484ac4ac63ea5f03)] -> xpath: //span[normalize-space()='Currency']]
2023-12-19 22:12:637 INFO  HomePage :113 - Select £Pound Sterling from currency drop down list [[[ChromeDriver: chrome on windows (30bebff67e790ab9484ac4ac63ea5f03)] -> xpath: //ul[@class = 'dropdown-menu']/li], [[ChromeDriver: chrome on windows (30bebff67e790ab9484ac4ac63ea5f03)] -> xpath: //ul[@class = 'dropdown-menu']/li], [[ChromeDriver: chrome on windows (30bebff67e790ab9484ac4ac63ea5f03)] -> xpath: //ul[@class = 'dropdown-menu']/li]]
2023-12-19 22:12:153 INFO  DesktopPage :73 - Select option product sorted by Name (A - Z)from sort by options [[ChromeDriver: chrome on windows (30bebff67e790ab9484ac4ac63ea5f03)] -> id: input-sort]
2023-12-19 22:12:176 INFO  DesktopPage :78 - Clicking on HP LP3065 [[ChromeDriver: chrome on windows (30bebff67e790ab9484ac4ac63ea5f03)] -> xpath: //a[contains(text(),'HP LP3065')]]
2023-12-19 22:12:207 INFO  ProductPage :52 - Verify the Text "HP LP3065" [[ChromeDriver: chrome on windows (30bebff67e790ab9484ac4ac63ea5f03)] -> xpath: //a[contains(text(),'HP LP3065')]]
2023-12-19 22:12:346 INFO  ProductPage :58 - Select 2022November30 to date field [[ChromeDriver: chrome on windows (30bebff67e790ab9484ac4ac63ea5f03)] -> xpath: //div[@class = 'input-group date']//button]
2023-12-19 22:12:520 INFO  ProductPage :82 - Enter Qty 1 to quantity field [[ChromeDriver: chrome on windows (30bebff67e790ab9484ac4ac63ea5f03)] -> xpath: //input[@id='input-quantity']]
2023-12-19 22:12:262 INFO  ProductPage :87 - Clicking on Login Button [[ChromeDriver: chrome on windows (30bebff67e790ab9484ac4ac63ea5f03)] -> xpath: //button[@id='button-cart']]
2023-12-19 22:12:834 INFO  ProductPage :91 - Verify the Message “Success: You have added HP LP3065 to your shopping cart!” [[ChromeDriver: chrome on windows (30bebff67e790ab9484ac4ac63ea5f03)] -> xpath: //div[@class='alert alert-success alert-dismissible']]
2023-12-19 22:12:959 INFO  ProductPage :97 - Click on link “shopping cart” display into success message [[ChromeDriver: chrome on windows (30bebff67e790ab9484ac4ac63ea5f03)] -> xpath: //a[contains(text(),'shopping cart')]]
2023-12-19 22:12:987 INFO  ShoppingCartPage :47 -  Verify the text Shopping Cart [[ChromeDriver: chrome on windows (30bebff67e790ab9484ac4ac63ea5f03)] -> xpath: //div[@id='content']//h1]
2023-12-19 22:12:34 INFO  ShoppingCartPage :52 - Verify the Product name HP LP3065 [[ChromeDriver: chrome on windows (30bebff67e790ab9484ac4ac63ea5f03)] -> xpath: //div[@class = 'table-responsive']/table/tbody/tr/td[2]/a]
2023-12-19 22:12:81 INFO  ShoppingCartPage :57 - Verify the Delivery Date 2022-11-30 [[ChromeDriver: chrome on windows (30bebff67e790ab9484ac4ac63ea5f03)] -> xpath: //div[@class = 'table-responsive']/table/tbody/tr/td[2]/small[1]]
2023-12-19 22:12:140 INFO  ShoppingCartPage :62 - Verify the Model Product21 [[ChromeDriver: chrome on windows (30bebff67e790ab9484ac4ac63ea5f03)] -> xpath: //div[@class = 'table-responsive']/table/tbody/tr/td[3]]
2023-12-19 22:12:172 INFO  ShoppingCartPage :67 - Verify the Total £74.73 [[ChromeDriver: chrome on windows (30bebff67e790ab9484ac4ac63ea5f03)] -> xpath: //div[@class = 'table-responsive']/table/tbody/tr/td[6]]
2023-12-19 22:12:81 INFO  HomePage :80 - Mouse hover on “Laptops & Notebooks” Tab and click [[ChromeDriver: chrome on windows (8a12135f7eb62bb23ab52e81ade03cae)] -> link text: Laptops & Notebooks]
2023-12-19 22:12:577 INFO  HomePage :99 - Click on Show All LaptopAndNotebook Tab [[ChromeDriver: chrome on windows (8a12135f7eb62bb23ab52e81ade03cae)] -> xpath: //a[normalize-space()='Show AllLaptops & Notebooks']]
2023-12-19 22:12:679 INFO  DesktopPage :44 - Click on sort by position [[ChromeDriver: chrome on windows (8a12135f7eb62bb23ab52e81ade03cae)] -> id: input-sort]
2023-12-19 22:12:212 INFO  DesktopPage :73 - Select option product sorted by Price (High > Low)from sort by options [[ChromeDriver: chrome on windows (8a12135f7eb62bb23ab52e81ade03cae)] -> id: input-sort]
2023-12-19 22:12:314 INFO  LaptopAndNotebookPage :63 - Verify Product sorted  price High to low [[[ChromeDriver: chrome on windows (8a12135f7eb62bb23ab52e81ade03cae)] -> xpath: //p[@class ='price']], [[ChromeDriver: chrome on windows (8a12135f7eb62bb23ab52e81ade03cae)] -> xpath: //p[@class ='price']], [[ChromeDriver: chrome on windows (8a12135f7eb62bb23ab52e81ade03cae)] -> xpath: //p[@class ='price']], [[ChromeDriver: chrome on windows (8a12135f7eb62bb23ab52e81ade03cae)] -> xpath: //p[@class ='price']], [[ChromeDriver: chrome on windows (8a12135f7eb62bb23ab52e81ade03cae)] -> xpath: //p[@class ='price']]]
2023-12-19 22:12:386 INFO  LaptopAndNotebookPage :63 - Verify Product sorted  price High to low [[[ChromeDriver: chrome on windows (8a12135f7eb62bb23ab52e81ade03cae)] -> xpath: //p[@class ='price']], [[ChromeDriver: chrome on windows (8a12135f7eb62bb23ab52e81ade03cae)] -> xpath: //p[@class ='price']], [[ChromeDriver: chrome on windows (8a12135f7eb62bb23ab52e81ade03cae)] -> xpath: //p[@class ='price']], [[ChromeDriver: chrome on windows (8a12135f7eb62bb23ab52e81ade03cae)] -> xpath: //p[@class ='price']], [[ChromeDriver: chrome on windows (8a12135f7eb62bb23ab52e81ade03cae)] -> xpath: //p[@class ='price']]]
2023-12-19 22:12:599 INFO  HomePage :80 - Mouse hover on “Laptops & Notebooks” Tab and click [[ChromeDriver: chrome on windows (c90b9bb0a90d4fdb7fcb19279b3bdcec)] -> link text: Laptops & Notebooks]
2023-12-19 22:12:88 INFO  HomePage :99 - Click on Show All LaptopAndNotebook Tab [[ChromeDriver: chrome on windows (c90b9bb0a90d4fdb7fcb19279b3bdcec)] -> xpath: //a[normalize-space()='Show AllLaptops & Notebooks']]
2023-12-19 22:12:169 INFO  HomePage :105 - Clicking on Currency on top of page [[ChromeDriver: chrome on windows (c90b9bb0a90d4fdb7fcb19279b3bdcec)] -> xpath: //span[normalize-space()='Currency']]
2023-12-19 22:12:704 INFO  HomePage :113 - Select £Pound Sterling from currency drop down list [[[ChromeDriver: chrome on windows (c90b9bb0a90d4fdb7fcb19279b3bdcec)] -> xpath: //ul[@class = 'dropdown-menu']/li], [[ChromeDriver: chrome on windows (c90b9bb0a90d4fdb7fcb19279b3bdcec)] -> xpath: //ul[@class = 'dropdown-menu']/li], [[ChromeDriver: chrome on windows (c90b9bb0a90d4fdb7fcb19279b3bdcec)] -> xpath: //ul[@class = 'dropdown-menu']/li]]
2023-12-19 22:12:247 INFO  DesktopPage :73 - Select option product sorted by Price (High > Low)from sort by options [[ChromeDriver: chrome on windows (c90b9bb0a90d4fdb7fcb19279b3bdcec)] -> id: input-sort]
2023-12-19 22:12:306 INFO  LaptopAndNotebookPage :80 - Select Macbook[[ChromeDriver: chrome on windows (c90b9bb0a90d4fdb7fcb19279b3bdcec)] -> link text: MacBook]
2023-12-19 22:12:339 INFO  ProductPage :101 - Verify text MacBook [[ChromeDriver: chrome on windows (c90b9bb0a90d4fdb7fcb19279b3bdcec)] -> xpath: //h1[contains(text(),'MacBook')]]
2023-12-19 22:12:73 INFO  ProductPage :87 - Clicking on Login Button [[ChromeDriver: chrome on windows (c90b9bb0a90d4fdb7fcb19279b3bdcec)] -> xpath: //button[@id='button-cart']]
2023-12-19 22:12:646 INFO  ProductPage :91 - Verify the Message “Success: You have added HP LP3065 to your shopping cart!” [[ChromeDriver: chrome on windows (c90b9bb0a90d4fdb7fcb19279b3bdcec)] -> xpath: //div[@class='alert alert-success alert-dismissible']]
2023-12-19 22:12:714 INFO  ProductPage :97 - Click on link “shopping cart” display into success message [[ChromeDriver: chrome on windows (c90b9bb0a90d4fdb7fcb19279b3bdcec)] -> xpath: //a[contains(text(),'shopping cart')]]
2023-12-19 22:12:742 INFO  ShoppingCartPage :47 -  Verify the text Shopping Cart [[ChromeDriver: chrome on windows (c90b9bb0a90d4fdb7fcb19279b3bdcec)] -> xpath: //div[@id='content']//h1]
2023-12-19 22:12:777 INFO  ShoppingCartPage :52 - Verify the Product name HP LP3065 [[ChromeDriver: chrome on windows (c90b9bb0a90d4fdb7fcb19279b3bdcec)] -> xpath: //div[@class = 'table-responsive']/table/tbody/tr/td[2]/a]
2023-12-19 22:12:980 INFO  ShoppingCartPage :74 - Change Quantity 2 to quantity field [[ChromeDriver: chrome on windows (c90b9bb0a90d4fdb7fcb19279b3bdcec)] -> xpath: //div[@class='input-group btn-block']/input[@type='text']]
2023-12-19 22:12:536 INFO  ShoppingCartPage :79 -  Click on “Update” Tab [[ChromeDriver: chrome on windows (c90b9bb0a90d4fdb7fcb19279b3bdcec)] -> xpath: //i[@class = 'fa fa-refresh']]
2023-12-19 22:12:623 INFO  ShoppingCartPage :83 - Getting welcome back text [[ChromeDriver: chrome on windows (c90b9bb0a90d4fdb7fcb19279b3bdcec)] -> xpath: //div[@id='checkout-cart']/div[1]]
2023-12-19 22:12:654 INFO  ShoppingCartPage :67 - Verify the Total £74.73 [[ChromeDriver: chrome on windows (c90b9bb0a90d4fdb7fcb19279b3bdcec)] -> xpath: //div[@class = 'table-responsive']/table/tbody/tr/td[6]]
2023-12-19 22:12:97 INFO  ShoppingCartPage :89 - Click on “Checkout” button [[ChromeDriver: chrome on windows (c90b9bb0a90d4fdb7fcb19279b3bdcec)] -> css selector: a.btn.btn-primary]
2023-12-19 22:12:132 INFO  CheckoutPage :76 - Verify the text “Checkout” [[ChromeDriver: chrome on windows (c90b9bb0a90d4fdb7fcb19279b3bdcec)] -> xpath: //div[@id='content']/h1]
2023-12-19 22:12:690 INFO  CheckoutPage :82 - Verify the Text “New Customer” [[ChromeDriver: chrome on windows (c90b9bb0a90d4fdb7fcb19279b3bdcec)] -> xpath: //h2[contains(text(),'New Customer')]]
2023-12-19 22:12:317 INFO  CheckoutPage :89 - Click on “Guest Checkout” radio button [[ChromeDriver: chrome on windows (c90b9bb0a90d4fdb7fcb19279b3bdcec)] -> xpath: //input[@value='guest']]
2023-12-19 22:12:406 INFO  CheckoutPage :95 - Click on “Continue” tab [[ChromeDriver: chrome on windows (c90b9bb0a90d4fdb7fcb19279b3bdcec)] -> xpath: //input[@id='button-account']]
2023-12-19 22:12:839 INFO  CheckoutPage :101 - Enter firstname Ram to firstname field [[ChromeDriver: chrome on windows (c90b9bb0a90d4fdb7fcb19279b3bdcec)] -> id: input-payment-firstname]
2023-12-19 22:12:31 INFO  CheckoutPage :107 - Enter lastname Krishna to lastname field [[ChromeDriver: chrome on windows (c90b9bb0a90d4fdb7fcb19279b3bdcec)] -> id: input-payment-lastname]
2023-12-19 22:12:256 INFO  CheckoutPage :113 - Enter email tester123@gmail.com to email field [[ChromeDriver: chrome on windows (c90b9bb0a90d4fdb7fcb19279b3bdcec)] -> id: input-payment-email]
2023-12-19 22:12:377 INFO  CheckoutPage :119 - Enter phoneNumber 01234567890 to phoneNumber field [[ChromeDriver: chrome on windows (c90b9bb0a90d4fdb7fcb19279b3bdcec)] -> id: input-payment-telephone]
2023-12-19 22:12:543 INFO  CheckoutPage :125 - Enter address Line 1 89 oxford street Road to address field [[ChromeDriver: chrome on windows (c90b9bb0a90d4fdb7fcb19279b3bdcec)] -> id: input-payment-address-1]
2023-12-19 22:12:650 INFO  CheckoutPage :131 - Enter city London to city field [[ChromeDriver: chrome on windows (c90b9bb0a90d4fdb7fcb19279b3bdcec)] -> id: input-payment-city]
2023-12-19 22:12:768 INFO  CheckoutPage :137 - Enter postcode Nw6 2AD to postcode field [[ChromeDriver: chrome on windows (c90b9bb0a90d4fdb7fcb19279b3bdcec)] -> id: input-payment-postcode]
2023-12-19 22:12:904 INFO  CheckoutPage :143 - Select country United Kingdom to country field [[ChromeDriver: chrome on windows (c90b9bb0a90d4fdb7fcb19279b3bdcec)] -> id: input-payment-country]
2023-12-19 22:12:608 INFO  HomePage :128 - Select Login from myAccount drop down list [[[ChromeDriver: chrome on windows (f86ec9f3575b07e4d3f8029042a7bc04)] -> xpath: //ul[@class='dropdown-menu dropdown-menu-right']/li], [[ChromeDriver: chrome on windows (f86ec9f3575b07e4d3f8029042a7bc04)] -> xpath: //ul[@class='dropdown-menu dropdown-menu-right']/li]]
2023-12-19 22:12:645 INFO  LoginPage :36 - Verify the text “Returning Customer” [[ChromeDriver: chrome on windows (f86ec9f3575b07e4d3f8029042a7bc04)] -> xpath: //h2[contains(text(),'Returning Customer')]]
2023-12-19 22:12:514 INFO  HomePage :128 - Select Login from myAccount drop down list [[[ChromeDriver: chrome on windows (1a10e344ef8e068565b9571c84fd9c78)] -> xpath: //ul[@class='dropdown-menu dropdown-menu-right']/li], [[ChromeDriver: chrome on windows (1a10e344ef8e068565b9571c84fd9c78)] -> xpath: //ul[@class='dropdown-menu dropdown-menu-right']/li]]
2023-12-19 22:12:730 INFO  LoginPage :43 - Enter email tester123@gmail.comto email field [[ChromeDriver: chrome on windows (1a10e344ef8e068565b9571c84fd9c78)] -> id: input-email]
2023-12-19 22:12:869 INFO  LoginPage :49 - Enter password Tester1to password field [[ChromeDriver: chrome on windows (1a10e344ef8e068565b9571c84fd9c78)] -> id: input-password]
2023-12-19 22:12:324 INFO  LoginPage :55 - Clicking on Login Button [[ChromeDriver: chrome on windows (1a10e344ef8e068565b9571c84fd9c78)] -> xpath: //input[@value='Login']]
2023-12-19 22:12:366 INFO  LoginPage :60 - Verify text “My Account” Proxy element for: DefaultElementLocator 'By.xpath: //h2[text()='My Account']'
2023-12-19 22:12:24 INFO  HomePage :74 - Mouse hover on “Desktops” Tab and click [[ChromeDriver: chrome on windows (737904066636d6fff65754a22ea032a6)] -> link text: Desktops]
2023-12-19 22:12:561 INFO  HomePage :93 - Click on Show All Desktop tab [[ChromeDriver: chrome on windows (737904066636d6fff65754a22ea032a6)] -> xpath: //a[normalize-space()='Show AllDesktops']]
2023-12-19 22:12:670 INFO  DesktopPage :44 - Click on sort by position [[ChromeDriver: chrome on windows (737904066636d6fff65754a22ea032a6)] -> id: input-sort]
2023-12-19 22:12:295 INFO  DesktopPage :73 - Select option product sorted by Name (Z - A)from sort by options [[ChromeDriver: chrome on windows (737904066636d6fff65754a22ea032a6)] -> id: input-sort]
2023-12-19 22:12:595 INFO  HomePage :74 - Mouse hover on “Desktops” Tab and click [[ChromeDriver: chrome on windows (1cbd26e1f517d6c289f7f9f67d596e28)] -> link text: Desktops]
2023-12-19 22:12:99 INFO  HomePage :93 - Click on Show All Desktop tab [[ChromeDriver: chrome on windows (1cbd26e1f517d6c289f7f9f67d596e28)] -> xpath: //a[normalize-space()='Show AllDesktops']]
2023-12-19 22:12:190 INFO  HomePage :105 - Clicking on Currency on top of page [[ChromeDriver: chrome on windows (1cbd26e1f517d6c289f7f9f67d596e28)] -> xpath: //span[normalize-space()='Currency']]
2023-12-19 22:12:901 INFO  HomePage :113 - Select £Pound Sterling from currency drop down list [[[ChromeDriver: chrome on windows (1cbd26e1f517d6c289f7f9f67d596e28)] -> xpath: //ul[@class = 'dropdown-menu']/li], [[ChromeDriver: chrome on windows (1cbd26e1f517d6c289f7f9f67d596e28)] -> xpath: //ul[@class = 'dropdown-menu']/li], [[ChromeDriver: chrome on windows (1cbd26e1f517d6c289f7f9f67d596e28)] -> xpath: //ul[@class = 'dropdown-menu']/li]]
2023-12-19 22:12:447 INFO  DesktopPage :73 - Select option product sorted by Name (A - Z)from sort by options [[ChromeDriver: chrome on windows (1cbd26e1f517d6c289f7f9f67d596e28)] -> id: input-sort]
2023-12-19 22:12:466 INFO  DesktopPage :78 - Clicking on HP LP3065 [[ChromeDriver: chrome on windows (1cbd26e1f517d6c289f7f9f67d596e28)] -> xpath: //a[contains(text(),'HP LP3065')]]
2023-12-19 22:12:518 INFO  ProductPage :52 - Verify the Text "HP LP3065" [[ChromeDriver: chrome on windows (1cbd26e1f517d6c289f7f9f67d596e28)] -> xpath: //a[contains(text(),'HP LP3065')]]
2023-12-19 22:12:654 INFO  ProductPage :58 - Select 2022November30 to date field [[ChromeDriver: chrome on windows (1cbd26e1f517d6c289f7f9f67d596e28)] -> xpath: //div[@class = 'input-group date']//button]
2023-12-19 22:12:385 INFO  ProductPage :82 - Enter Qty 1 to quantity field [[ChromeDriver: chrome on windows (1cbd26e1f517d6c289f7f9f67d596e28)] -> xpath: //input[@id='input-quantity']]
2023-12-19 22:12:89 INFO  ProductPage :87 - Clicking on Login Button [[ChromeDriver: chrome on windows (1cbd26e1f517d6c289f7f9f67d596e28)] -> xpath: //button[@id='button-cart']]
2023-12-19 22:12:677 INFO  ProductPage :91 - Verify the Message “Success: You have added HP LP3065 to your shopping cart!” [[ChromeDriver: chrome on windows (1cbd26e1f517d6c289f7f9f67d596e28)] -> xpath: //div[@class='alert alert-success alert-dismissible']]
2023-12-19 22:12:810 INFO  ProductPage :97 - Click on link “shopping cart” display into success message [[ChromeDriver: chrome on windows (1cbd26e1f517d6c289f7f9f67d596e28)] -> xpath: //a[contains(text(),'shopping cart')]]
2023-12-19 22:12:838 INFO  ShoppingCartPage :47 -  Verify the text Shopping Cart [[ChromeDriver: chrome on windows (1cbd26e1f517d6c289f7f9f67d596e28)] -> xpath: //div[@id='content']//h1]
2023-12-19 22:12:870 INFO  ShoppingCartPage :52 - Verify the Product name HP LP3065 [[ChromeDriver: chrome on windows (1cbd26e1f517d6c289f7f9f67d596e28)] -> xpath: //div[@class = 'table-responsive']/table/tbody/tr/td[2]/a]
2023-12-19 22:12:917 INFO  ShoppingCartPage :57 - Verify the Delivery Date 2022-11-30 [[ChromeDriver: chrome on windows (1cbd26e1f517d6c289f7f9f67d596e28)] -> xpath: //div[@class = 'table-responsive']/table/tbody/tr/td[2]/small[1]]
2023-12-19 22:12:977 INFO  ShoppingCartPage :62 - Verify the Model Product21 [[ChromeDriver: chrome on windows (1cbd26e1f517d6c289f7f9f67d596e28)] -> xpath: //div[@class = 'table-responsive']/table/tbody/tr/td[3]]
2023-12-19 22:12:07 INFO  ShoppingCartPage :67 - Verify the Total £74.73 [[ChromeDriver: chrome on windows (1cbd26e1f517d6c289f7f9f67d596e28)] -> xpath: //div[@class = 'table-responsive']/table/tbody/tr/td[6]]
2023-12-19 22:12:918 INFO  HomePage :80 - Mouse hover on “Laptops & Notebooks” Tab and click [[ChromeDriver: chrome on windows (0e1163c3e8f2b555c4c1709cdad62ddf)] -> link text: Laptops & Notebooks]
2023-12-19 22:12:399 INFO  HomePage :99 - Click on Show All LaptopAndNotebook Tab [[ChromeDriver: chrome on windows (0e1163c3e8f2b555c4c1709cdad62ddf)] -> xpath: //a[normalize-space()='Show AllLaptops & Notebooks']]
2023-12-19 22:12:503 INFO  DesktopPage :44 - Click on sort by position [[ChromeDriver: chrome on windows (0e1163c3e8f2b555c4c1709cdad62ddf)] -> id: input-sort]
2023-12-19 22:12:61 INFO  DesktopPage :73 - Select option product sorted by Price (High > Low)from sort by options [[ChromeDriver: chrome on windows (0e1163c3e8f2b555c4c1709cdad62ddf)] -> id: input-sort]
2023-12-19 22:12:156 INFO  LaptopAndNotebookPage :63 - Verify Product sorted  price High to low [[[ChromeDriver: chrome on windows (0e1163c3e8f2b555c4c1709cdad62ddf)] -> xpath: //p[@class ='price']], [[ChromeDriver: chrome on windows (0e1163c3e8f2b555c4c1709cdad62ddf)] -> xpath: //p[@class ='price']], [[ChromeDriver: chrome on windows (0e1163c3e8f2b555c4c1709cdad62ddf)] -> xpath: //p[@class ='price']], [[ChromeDriver: chrome on windows (0e1163c3e8f2b555c4c1709cdad62ddf)] -> xpath: //p[@class ='price']], [[ChromeDriver: chrome on windows (0e1163c3e8f2b555c4c1709cdad62ddf)] -> xpath: //p[@class ='price']]]
2023-12-19 22:12:238 INFO  LaptopAndNotebookPage :63 - Verify Product sorted  price High to low [[[ChromeDriver: chrome on windows (0e1163c3e8f2b555c4c1709cdad62ddf)] -> xpath: //p[@class ='price']], [[ChromeDriver: chrome on windows (0e1163c3e8f2b555c4c1709cdad62ddf)] -> xpath: //p[@class ='price']], [[ChromeDriver: chrome on windows (0e1163c3e8f2b555c4c1709cdad62ddf)] -> xpath: //p[@class ='price']], [[ChromeDriver: chrome on windows (0e1163c3e8f2b555c4c1709cdad62ddf)] -> xpath: //p[@class ='price']], [[ChromeDriver: chrome on windows (0e1163c3e8f2b555c4c1709cdad62ddf)] -> xpath: //p[@class ='price']]]
2023-12-19 22:12:363 INFO  HomePage :80 - Mouse hover on “Laptops & Notebooks” Tab and click [[ChromeDriver: chrome on windows (724fabdb6b8c65da22d66ee0a0e8c775)] -> link text: Laptops & Notebooks]
2023-12-19 22:12:850 INFO  HomePage :99 - Click on Show All LaptopAndNotebook Tab [[ChromeDriver: chrome on windows (724fabdb6b8c65da22d66ee0a0e8c775)] -> xpath: //a[normalize-space()='Show AllLaptops & Notebooks']]
2023-12-19 22:12:937 INFO  HomePage :105 - Clicking on Currency on top of page [[ChromeDriver: chrome on windows (724fabdb6b8c65da22d66ee0a0e8c775)] -> xpath: //span[normalize-space()='Currency']]
2023-12-19 22:12:504 INFO  HomePage :113 - Select £Pound Sterling from currency drop down list [[[ChromeDriver: chrome on windows (724fabdb6b8c65da22d66ee0a0e8c775)] -> xpath: //ul[@class = 'dropdown-menu']/li], [[ChromeDriver: chrome on windows (724fabdb6b8c65da22d66ee0a0e8c775)] -> xpath: //ul[@class = 'dropdown-menu']/li], [[ChromeDriver: chrome on windows (724fabdb6b8c65da22d66ee0a0e8c775)] -> xpath: //ul[@class = 'dropdown-menu']/li]]
2023-12-19 22:12:41 INFO  DesktopPage :73 - Select option product sorted by Price (High > Low)from sort by options [[ChromeDriver: chrome on windows (724fabdb6b8c65da22d66ee0a0e8c775)] -> id: input-sort]
2023-12-19 22:12:111 INFO  LaptopAndNotebookPage :80 - Select Macbook[[ChromeDriver: chrome on windows (724fabdb6b8c65da22d66ee0a0e8c775)] -> link text: MacBook]
2023-12-19 22:12:148 INFO  ProductPage :101 - Verify text MacBook [[ChromeDriver: chrome on windows (724fabdb6b8c65da22d66ee0a0e8c775)] -> xpath: //h1[contains(text(),'MacBook')]]
2023-12-19 22:12:872 INFO  ProductPage :87 - Clicking on Login Button [[ChromeDriver: chrome on windows (724fabdb6b8c65da22d66ee0a0e8c775)] -> xpath: //button[@id='button-cart']]
2023-12-19 22:12:444 INFO  ProductPage :91 - Verify the Message “Success: You have added HP LP3065 to your shopping cart!” [[ChromeDriver: chrome on windows (724fabdb6b8c65da22d66ee0a0e8c775)] -> xpath: //div[@class='alert alert-success alert-dismissible']]
2023-12-19 22:12:529 INFO  ProductPage :97 - Click on link “shopping cart” display into success message [[ChromeDriver: chrome on windows (724fabdb6b8c65da22d66ee0a0e8c775)] -> xpath: //a[contains(text(),'shopping cart')]]
2023-12-19 22:12:552 INFO  ShoppingCartPage :47 -  Verify the text Shopping Cart [[ChromeDriver: chrome on windows (724fabdb6b8c65da22d66ee0a0e8c775)] -> xpath: //div[@id='content']//h1]
2023-12-19 22:12:583 INFO  ShoppingCartPage :52 - Verify the Product name HP LP3065 [[ChromeDriver: chrome on windows (724fabdb6b8c65da22d66ee0a0e8c775)] -> xpath: //div[@class = 'table-responsive']/table/tbody/tr/td[2]/a]
2023-12-19 22:12:797 INFO  ShoppingCartPage :74 - Change Quantity 2 to quantity field [[ChromeDriver: chrome on windows (724fabdb6b8c65da22d66ee0a0e8c775)] -> xpath: //div[@class='input-group btn-block']/input[@type='text']]
2023-12-19 22:12:398 INFO  ShoppingCartPage :79 -  Click on “Update” Tab [[ChromeDriver: chrome on windows (724fabdb6b8c65da22d66ee0a0e8c775)] -> xpath: //i[@class = 'fa fa-refresh']]
2023-12-19 22:12:433 INFO  ShoppingCartPage :83 - Getting welcome back text [[ChromeDriver: chrome on windows (724fabdb6b8c65da22d66ee0a0e8c775)] -> xpath: //div[@id='checkout-cart']/div[1]]
2023-12-19 22:12:467 INFO  ShoppingCartPage :67 - Verify the Total £74.73 [[ChromeDriver: chrome on windows (724fabdb6b8c65da22d66ee0a0e8c775)] -> xpath: //div[@class = 'table-responsive']/table/tbody/tr/td[6]]
2023-12-19 22:12:901 INFO  ShoppingCartPage :89 - Click on “Checkout” button [[ChromeDriver: chrome on windows (724fabdb6b8c65da22d66ee0a0e8c775)] -> css selector: a.btn.btn-primary]
2023-12-19 22:12:949 INFO  CheckoutPage :76 - Verify the text “Checkout” [[ChromeDriver: chrome on windows (724fabdb6b8c65da22d66ee0a0e8c775)] -> xpath: //div[@id='content']/h1]
2023-12-19 22:12:519 INFO  CheckoutPage :82 - Verify the Text “New Customer” [[ChromeDriver: chrome on windows (724fabdb6b8c65da22d66ee0a0e8c775)] -> xpath: //h2[contains(text(),'New Customer')]]
2023-12-19 22:12:153 INFO  CheckoutPage :89 - Click on “Guest Checkout” radio button [[ChromeDriver: chrome on windows (724fabdb6b8c65da22d66ee0a0e8c775)] -> xpath: //input[@value='guest']]
2023-12-19 22:12:244 INFO  CheckoutPage :95 - Click on “Continue” tab [[ChromeDriver: chrome on windows (724fabdb6b8c65da22d66ee0a0e8c775)] -> xpath: //input[@id='button-account']]
2023-12-19 22:12:621 INFO  CheckoutPage :101 - Enter firstname Ram to firstname field [[ChromeDriver: chrome on windows (724fabdb6b8c65da22d66ee0a0e8c775)] -> id: input-payment-firstname]
2023-12-19 22:12:839 INFO  CheckoutPage :107 - Enter lastname Krishna to lastname field [[ChromeDriver: chrome on windows (724fabdb6b8c65da22d66ee0a0e8c775)] -> id: input-payment-lastname]
2023-12-19 22:12:39 INFO  CheckoutPage :113 - Enter email tester123@gmail.com to email field [[ChromeDriver: chrome on windows (724fabdb6b8c65da22d66ee0a0e8c775)] -> id: input-payment-email]
2023-12-19 22:12:161 INFO  CheckoutPage :119 - Enter phoneNumber 01234567890 to phoneNumber field [[ChromeDriver: chrome on windows (724fabdb6b8c65da22d66ee0a0e8c775)] -> id: input-payment-telephone]
2023-12-19 22:12:322 INFO  CheckoutPage :125 - Enter address Line 1 89 oxford street Road to address field [[ChromeDriver: chrome on windows (724fabdb6b8c65da22d66ee0a0e8c775)] -> id: input-payment-address-1]
2023-12-19 22:12:444 INFO  CheckoutPage :131 - Enter city London to city field [[ChromeDriver: chrome on windows (724fabdb6b8c65da22d66ee0a0e8c775)] -> id: input-payment-city]
2023-12-19 22:12:554 INFO  CheckoutPage :137 - Enter postcode Nw6 2AD to postcode field [[ChromeDriver: chrome on windows (724fabdb6b8c65da22d66ee0a0e8c775)] -> id: input-payment-postcode]
2023-12-19 22:12:670 INFO  CheckoutPage :143 - Select country United Kingdom to country field [[ChromeDriver: chrome on windows (724fabdb6b8c65da22d66ee0a0e8c775)] -> id: input-payment-country]
2023-12-19 22:12:760 INFO  HomePage :128 - Select Login from myAccount drop down list [[[ChromeDriver: chrome on windows (13a7d38aeefdcee25d9a3d9fc871f853)] -> xpath: //ul[@class='dropdown-menu dropdown-menu-right']/li], [[ChromeDriver: chrome on windows (13a7d38aeefdcee25d9a3d9fc871f853)] -> xpath: //ul[@class='dropdown-menu dropdown-menu-right']/li]]
2023-12-19 22:12:794 INFO  LoginPage :36 - Verify the text “Returning Customer” [[ChromeDriver: chrome on windows (13a7d38aeefdcee25d9a3d9fc871f853)] -> xpath: //h2[contains(text(),'Returning Customer')]]
2023-12-19 22:12:631 INFO  HomePage :128 - Select Login from myAccount drop down list [[[ChromeDriver: chrome on windows (b819e487945c102e60f64efe383a8c3b)] -> xpath: //ul[@class='dropdown-menu dropdown-menu-right']/li], [[ChromeDriver: chrome on windows (b819e487945c102e60f64efe383a8c3b)] -> xpath: //ul[@class='dropdown-menu dropdown-menu-right']/li]]
2023-12-19 22:12:839 INFO  LoginPage :43 - Enter email tester1234@gmail.comto email field [[ChromeDriver: chrome on windows (b819e487945c102e60f64efe383a8c3b)] -> id: input-email]
2023-12-19 22:12:970 INFO  LoginPage :49 - Enter password Tester1to password field [[ChromeDriver: chrome on windows (b819e487945c102e60f64efe383a8c3b)] -> id: input-password]
2023-12-19 22:12:487 INFO  LoginPage :55 - Clicking on Login Button [[ChromeDriver: chrome on windows (b819e487945c102e60f64efe383a8c3b)] -> xpath: //input[@value='Login']]
2023-12-19 22:12:538 INFO  LoginPage :60 - Verify text “My Account” Proxy element for: DefaultElementLocator 'By.xpath: //h2[text()='My Account']'
2023-12-19 22:12:419 INFO  HomePage :128 - Select Register from myAccount drop down list [[[ChromeDriver: chrome on windows (3cbba1c88bf57a3e81d238f9f4a3cad0)] -> xpath: //ul[@class='dropdown-menu dropdown-menu-right']/li], [[ChromeDriver: chrome on windows (3cbba1c88bf57a3e81d238f9f4a3cad0)] -> xpath: //ul[@class='dropdown-menu dropdown-menu-right']/li]]
2023-12-19 22:12:452 INFO  RegisterPage :58 - Verify the text “Register Account”. [[ChromeDriver: chrome on windows (3cbba1c88bf57a3e81d238f9f4a3cad0)] -> xpath: //h1[contains(text(),'Register Account')]]
2023-12-19 22:12:676 INFO  HomePage :128 - Select Register from myAccount drop down list [[[ChromeDriver: chrome on windows (8749b22c6c1c2c4f31fa1d058358ee5a)] -> xpath: //ul[@class='dropdown-menu dropdown-menu-right']/li], [[ChromeDriver: chrome on windows (8749b22c6c1c2c4f31fa1d058358ee5a)] -> xpath: //ul[@class='dropdown-menu dropdown-menu-right']/li]]
2023-12-19 22:12:813 INFO  RegisterPage :64 - Enter Firstname Tester to Firstname field [[ChromeDriver: chrome on windows (8749b22c6c1c2c4f31fa1d058358ee5a)] -> id: input-firstname]
2023-12-19 22:12:962 INFO  RegisterPage :69 - Enter Lastname Experience to Lastname field [[ChromeDriver: chrome on windows (8749b22c6c1c2c4f31fa1d058358ee5a)] -> id: input-lastname]
2023-12-19 22:12:112 INFO  RegisterPage :74 - Enter email testers9Yf@gmail.com to email field [[ChromeDriver: chrome on windows (8749b22c6c1c2c4f31fa1d058358ee5a)] -> id: input-email]
2023-12-19 22:12:239 INFO  RegisterPage :79 - Enter Telephone 01234567890 to Telephone field [[ChromeDriver: chrome on windows (8749b22c6c1c2c4f31fa1d058358ee5a)] -> id: input-telephone]
2023-12-19 22:12:342 INFO  RegisterPage :84 - Enter Password Tester1 to Password field [[ChromeDriver: chrome on windows (8749b22c6c1c2c4f31fa1d058358ee5a)] -> id: input-password]
2023-12-19 22:12:445 INFO  RegisterPage :89 - Enter ConfirmPassword Tester1 to ConfirmPassword field [[ChromeDriver: chrome on windows (8749b22c6c1c2c4f31fa1d058358ee5a)] -> id: input-confirm]
2023-12-19 22:12:487 INFO  RegisterPage :101 - Select Subscribe Yes radio button [[[ChromeDriver: chrome on windows (8749b22c6c1c2c4f31fa1d058358ee5a)] -> xpath: //fieldset[3]//input], [[ChromeDriver: chrome on windows (8749b22c6c1c2c4f31fa1d058358ee5a)] -> xpath: //fieldset[3]//input]]
2023-12-19 22:12:571 INFO  RegisterPage :106 - Click on Privacy Policy check box [[ChromeDriver: chrome on windows (8749b22c6c1c2c4f31fa1d058358ee5a)] -> xpath: //input[@name='agree']]
2023-12-19 22:12:953 INFO  RegisterPage :111 - Clicking on Continue Button [[ChromeDriver: chrome on windows (8749b22c6c1c2c4f31fa1d058358ee5a)] -> xpath: //input[@type='submit']]
2023-12-19 22:12:999 INFO  RegisterPage :115 - Verify the message “Your Account Has Been Created!” [[ChromeDriver: chrome on windows (8749b22c6c1c2c4f31fa1d058358ee5a)] -> xpath: //h1[text()='Your Account Has Been Created!']]
2023-12-19 22:12:405 INFO  RegisterPage :121 - Clicking on Continue Button [[ChromeDriver: chrome on windows (8749b22c6c1c2c4f31fa1d058358ee5a)] -> xpath: //a[text()='Continue']]
2023-12-19 22:12:130 INFO  HomePage :128 - Select Logout from myAccount drop down list [[[ChromeDriver: chrome on windows (8749b22c6c1c2c4f31fa1d058358ee5a)] -> xpath: //ul[@class='dropdown-menu dropdown-menu-right']/li], [[ChromeDriver: chrome on windows (8749b22c6c1c2c4f31fa1d058358ee5a)] -> xpath: //ul[@class='dropdown-menu dropdown-menu-right']/li], [[ChromeDriver: chrome on windows (8749b22c6c1c2c4f31fa1d058358ee5a)] -> xpath: //ul[@class='dropdown-menu dropdown-menu-right']/li], [[ChromeDriver: chrome on windows (8749b22c6c1c2c4f31fa1d058358ee5a)] -> xpath: //ul[@class='dropdown-menu dropdown-menu-right']/li], [[ChromeDriver: chrome on windows (8749b22c6c1c2c4f31fa1d058358ee5a)] -> xpath: //ul[@class='dropdown-menu dropdown-menu-right']/li]]
2023-12-19 22:12:161 INFO  LogoutPage :27 - Verify text "Account Logout" [[ChromeDriver: chrome on windows (8749b22c6c1c2c4f31fa1d058358ee5a)] -> xpath: //h1[text()='Account Logout']]
2023-12-19 22:12:593 INFO  LogoutPage :33 - Clicking on Continue Button [[ChromeDriver: chrome on windows (8749b22c6c1c2c4f31fa1d058358ee5a)] -> xpath: //a[contains(text(),'Continue')]]
2023-12-19 22:12:600 INFO  HomePage :74 - Mouse hover on “Desktops” Tab and click [[ChromeDriver: chrome on windows (2eba3c19d4ad267f7237751e81a6c409)] -> link text: Desktops]
2023-12-19 22:12:640 INFO  HomePage :68 - Click Show All Desktops from homepage Top menu  []
2023-12-19 22:12:665 INFO  DesktopPage :38 - Verify the text ‘Desktops’[[ChromeDriver: chrome on windows (2eba3c19d4ad267f7237751e81a6c409)] -> xpath: //h2[contains(text(),'Desktops')]]
2023-12-19 22:12:774 INFO  HomePage :80 - Mouse hover on “Laptops & Notebooks” Tab and click [[ChromeDriver: chrome on windows (b5e42891ddc4c8051f397cd39395977d)] -> link text: Laptops & Notebooks]
2023-12-19 22:12:774 INFO  HomePage :68 - Click Show All Laptops & Notebooks from homepage Top menu  []
2023-12-19 22:12:789 INFO  LaptopAndNotebookPage :39 - Verify the text ‘Laptops & Notebooks’ [[ChromeDriver: chrome on windows (b5e42891ddc4c8051f397cd39395977d)] -> xpath: //h2[contains(text(),'Laptops & Notebooks')]]
2023-12-19 22:12:968 INFO  HomePage :86 -  Mouse hover on “Components” Tab and click [[ChromeDriver: chrome on windows (022304de5c67aba5d811b567ad7458c2)] -> link text: Components]
2023-12-19 22:12:33 INFO  HomePage :68 - Click Show All Components from homepage Top menu  []
2023-12-19 22:12:65 INFO  ComponentsPage :23 - Verify the text ‘Components’ [[ChromeDriver: chrome on windows (022304de5c67aba5d811b567ad7458c2)] -> xpath: //h2[contains(text(),'Components')]]
